Build started 29.12.2015 1:51:38.
     1>Project "D:\Dload2\Weird-Stuff-master (5)\Weird-Stuff-master\lab15\dll-generator\LR15_Dll\LR15_Dll.vcxproj" on node 2 (Rebuild target(s)).
     1>ClCompile:
         C:\Program Files (x86)\Microsoft Visual Studio 12.0\VC\bin\CL.exe /c /ZI /nologo /W3 /WX- /sdl /Od /Oy- /D WIN32 /D _DEBUG /D _WINDOWS /D _USRDLL /D LR15_DLL_EXPORTS /D _WINDLL /D _UNICODE /D UNICODE /Gm /EHsc /RTC1 /MDd /GS /fp:precise /Zc:wchar_t /Zc:forScope /Yc"stdafx.h" /Fp"Debug\LR15_Dll.pch" /Fo"Debug\\" /Fd"Debug\vc120.pdb" /Gd /TP /analyze- /errorReport:prompt stdafx.cpp
         stdafx.cpp
         C:\Program Files (x86)\Microsoft Visual Studio 12.0\VC\bin\CL.exe /c /ZI /nologo /W3 /WX- /sdl /Od /Oy- /D WIN32 /D _DEBUG /D _WINDOWS /D _USRDLL /D LR15_DLL_EXPORTS /D _WINDLL /D _UNICODE /D UNICODE /Gm /EHsc /RTC1 /MDd /GS /fp:precise /Zc:wchar_t /Zc:forScope /Fo"Debug\\" /Fd"Debug\vc120.pdb" /Gd /TP /analyze- /errorReport:prompt dllmain.cpp
         dllmain.cpp
         C:\Program Files (x86)\Microsoft Visual Studio 12.0\VC\bin\CL.exe /c /ZI /nologo /W3 /WX- /sdl /Od /Oy- /D WIN32 /D _DEBUG /D _WINDOWS /D _USRDLL /D LR15_DLL_EXPORTS /D _WINDLL /D _UNICODE /D UNICODE /Gm /EHsc /RTC1 /MDd /GS /fp:precise /Zc:wchar_t /Zc:forScope /Yu"stdafx.h" /Fp"Debug\LR15_Dll.pch" /Fo"Debug\\" /Fd"Debug\vc120.pdb" /Gd /TP /analyze- /errorReport:prompt LR15_Dll.cpp LogicalDrives.cpp
         LogicalDrives.cpp
         LR15_Dll.cpp
         Generating Code...
     1>d:\dload2\weird-stuff-master (5)\weird-stuff-master\lab15\dll-generator\lr15_dll\logicaldrives.cpp(23): warning C4715: 'myGetLogicalDrives' : not all control paths return a value
       Link:
         C:\Program Files (x86)\Microsoft Visual Studio 12.0\VC\bin\link.exe /ERRORREPORT:PROMPT /OUT:"D:\Dload2\Weird-Stuff-master (5)\Weird-Stuff-master\lab15\dll-generator\Debug\LR15_Dll.dll" /INCREMENTAL /NOLOGO kernel32.lib user32.lib gdi32.lib winspool.lib comdlg32.lib advapi32.lib shell32.lib ole32.lib oleaut32.lib uuid.lib odbc32.lib odbccp32.lib /MANIFEST /MANIFESTUAC:"level='asInvoker' uiAccess='false'" /manifest:embed /DEBUG /PDB:"D:\Dload2\Weird-Stuff-master (5)\Weird-Stuff-master\lab15\dll-generator\Debug\LR15_Dll.pdb" /SUBSYSTEM:WINDOWS /TLBID:1 /DYNAMICBASE /NXCOMPAT /IMPLIB:"D:\Dload2\Weird-Stuff-master (5)\Weird-Stuff-master\lab15\dll-generator\Debug\LR15_Dll.lib" /MACHINE:X86 /DLL Debug\dllmain.obj
         Debug\LR15_Dll.obj
         Debug\LogicalDrives.obj
         Debug\stdafx.obj
            Creating library D:\Dload2\Weird-Stuff-master (5)\Weird-Stuff-master\lab15\dll-generator\Debug\LR15_Dll.lib and object D:\Dload2\Weird-Stuff-master (5)\Weird-Stuff-master\lab15\dll-generator\Debug\LR15_Dll.exp
         LR15_Dll.vcxproj -> D:\Dload2\Weird-Stuff-master (5)\Weird-Stuff-master\lab15\dll-generator\Debug\LR15_Dll.dll
     1>Done Building Project "D:\Dload2\Weird-Stuff-master (5)\Weird-Stuff-master\lab15\dll-generator\LR15_Dll\LR15_Dll.vcxproj" (Rebuild target(s)).

Build succeeded.

Time Elapsed 00:00:03.99
