d:\dropbox\!!!_university\2 course\1 semister\мобильные системы с++ и с#\weird-stuff\dll\dll-generator\lr15_dll\debug\lr15_dll.pch
d:\dropbox\!!!_university\2 course\1 semister\мобильные системы с++ и с#\weird-stuff\dll\dll-generator\lr15_dll\debug\vc120.pdb
d:\dropbox\!!!_university\2 course\1 semister\мобильные системы с++ и с#\weird-stuff\dll\dll-generator\lr15_dll\debug\vc120.idb
d:\dropbox\!!!_university\2 course\1 semister\мобильные системы с++ и с#\weird-stuff\dll\dll-generator\lr15_dll\debug\stdafx.obj
d:\dropbox\!!!_university\2 course\1 semister\мобильные системы с++ и с#\weird-stuff\dll\dll-generator\lr15_dll\debug\dllmain.obj
d:\dropbox\!!!_university\2 course\1 semister\мобильные системы с++ и с#\weird-stuff\dll\dll-generator\lr15_dll\debug\lr15_dll.obj
d:\dropbox\!!!_university\2 course\1 semister\мобильные системы с++ и с#\weird-stuff\dll\dll-generator\lr15_dll\debug\memoryfunc.obj
d:\dropbox\!!!_university\2 course\1 semister\мобильные системы с++ и с#\weird-stuff\dll\dll-generator\debug\lr15_dll.ilk
d:\dropbox\!!!_university\2 course\1 semister\мобильные системы с++ и с#\weird-stuff\dll\dll-generator\debug\lr15_dll.dll
d:\dropbox\!!!_university\2 course\1 semister\мобильные системы с++ и с#\weird-stuff\dll\dll-generator\debug\lr15_dll.pdb
d:\dropbox\!!!_university\2 course\1 semister\мобильные системы с++ и с#\weird-stuff\dll\dll-generator\debug\lr15_dll.lib
d:\dropbox\!!!_university\2 course\1 semister\мобильные системы с++ и с#\weird-stuff\dll\dll-generator\debug\lr15_dll.exp
d:\dload2\weird-stuff-master (5)\weird-stuff-master\lab15\dll-generator\lr15_dll\debug\dllmain.obj
d:\dload2\weird-stuff-master (5)\weird-stuff-master\lab15\dll-generator\lr15_dll\debug\lr15_dll.obj
d:\dload2\weird-stuff-master (5)\weird-stuff-master\lab15\dll-generator\lr15_dll\debug\memoryfunc.obj
d:\dload2\weird-stuff-master (5)\weird-stuff-master\lab15\dll-generator\lr15_dll\debug\stdafx.obj
d:\dload2\weird-stuff-master (5)\weird-stuff-master\lab15\dll-generator\lr15_dll\debug\lr15_dll.pch
d:\dload2\weird-stuff-master (5)\weird-stuff-master\lab15\dll-generator\lr15_dll\debug\vc120.idb
d:\dload2\weird-stuff-master (5)\weird-stuff-master\lab15\dll-generator\lr15_dll\debug\vc120.pdb
d:\dload2\weird-stuff-master (5)\weird-stuff-master\lab15\dll-generator\debug\lr15_dll.pdb
d:\dload2\weird-stuff-master (5)\weird-stuff-master\lab15\dll-generator\debug\lr15_dll.dll
d:\dload2\weird-stuff-master (5)\weird-stuff-master\lab15\dll-generator\debug\lr15_dll.ilk
d:\dload2\weird-stuff-master (5)\weird-stuff-master\lab15\dll-generator\lr15_dll\debug\lr15_dll.tlog\cl.command.1.tlog
d:\dload2\weird-stuff-master (5)\weird-stuff-master\lab15\dll-generator\lr15_dll\debug\lr15_dll.tlog\cl.read.1.tlog
d:\dload2\weird-stuff-master (5)\weird-stuff-master\lab15\dll-generator\lr15_dll\debug\lr15_dll.tlog\cl.write.1.tlog
d:\dload2\weird-stuff-master (5)\weird-stuff-master\lab15\dll-generator\lr15_dll\debug\lr15_dll.tlog\link.command.1.tlog
d:\dload2\weird-stuff-master (5)\weird-stuff-master\lab15\dll-generator\lr15_dll\debug\lr15_dll.tlog\link.read.1.tlog
d:\dload2\weird-stuff-master (5)\weird-stuff-master\lab15\dll-generator\lr15_dll\debug\lr15_dll.tlog\link.write.1.tlog
d:\dload2\weird-stuff-master (5)\weird-stuff-master\lab15\dll-generator\lr15_dll\debug\lr15_dll.tlog\lr15_dll.write.1u.tlog
